<?xml version="1.0" encoding="UTF-8"?>
<!-- Generated by org.testng.reporters.JUnitReportReporter -->
<testsuite hostname="Harshit_" failures="0" tests="9" name="testingbaba_test.Checkbox_test" time="6.947" errors="1" timestamp="2024-10-22T10:50:53 IST" skipped="8">
  <testcase classname="testingbaba_test.Checkbox_test" name="getLunchUrL_testingbaba" time="6.947">
    <error message="The filename, directory name, or volume label syntax is incorrect" type="java.io.IOException">
      <![CDATA[java.io.IOException: The filename, directory name, or volume label syntax is incorrect
at java.base/java.io.WinNTFileSystem.canonicalize0(Native Method)
at java.base/java.io.WinNTFileSystem.canonicalize(WinNTFileSystem.java:462)
at java.base/java.io.File.getCanonicalPath(File.java:626)
at org.apache.commons.io.FileUtils.requireCanonicalPathsNotEquals(FileUtils.java:2601)
at org.apache.commons.io.FileUtils.copyFile(FileUtils.java:842)
at org.apache.commons.io.FileUtils.copyFile(FileUtils.java:756)
at baselibrary.Baselibrary.getLunchURL(Baselibrary.java:49)
at testingbaba_test.Checkbox_test.getLunchUrL_testingbaba(Checkbox_test.java:26)
at java.base/jdk.internal.reflect.NativeMethodAccessorImpl.invoke0(Native Method)
at java.base/jdk.internal.reflect.NativeMethodAccessorImpl.invoke(NativeMethodAccessorImpl.java:77)
at java.base/jdk.internal.reflect.DelegatingMethodAccessorImpl.invoke(DelegatingMethodAccessorImpl.java:43)
at java.base/java.lang.reflect.Method.invoke(Method.java:568)
at org.testng.internal.MethodInvocationHelper.invokeMethod(MethodInvocationHelper.java:133)
at org.testng.internal.MethodInvocationHelper.invokeMethodConsideringTimeout(MethodInvocationHelper.java:62)
at org.testng.internal.ConfigInvoker.invokeConfigurationMethod(ConfigInvoker.java:385)
at org.testng.internal.ConfigInvoker.invokeConfigurations(ConfigInvoker.java:321)
at org.testng.internal.TestMethodWorker.invokeBeforeClassMethods(TestMethodWorker.java:176)
at org.testng.internal.TestMethodWorker.run(TestMethodWorker.java:122)
at java.base/java.util.ArrayList.forEach(ArrayList.java:1511)
at org.testng.TestRunner.privateRun(TestRunner.java:794)
at org.testng.TestRunner.run(TestRunner.java:596)
at org.testng.SuiteRunner.runTest(SuiteRunner.java:377)
at org.testng.SuiteRunner.runSequentially(SuiteRunner.java:371)
at org.testng.SuiteRunner.privateRun(SuiteRunner.java:332)
at org.testng.SuiteRunner.run(SuiteRunner.java:276)
at org.testng.SuiteRunnerWorker.runSuite(SuiteRunnerWorker.java:53)
at org.testng.SuiteRunnerWorker.run(SuiteRunnerWorker.java:96)
at org.testng.TestNG.runSuitesSequentially(TestNG.java:1212)
at org.testng.TestNG.runSuitesLocally(TestNG.java:1134)
at org.testng.TestNG.runSuites(TestNG.java:1063)
at org.testng.TestNG.run(TestNG.java:1031)
at org.testng.remote.AbstractRemoteTestNG.run(AbstractRemoteTestNG.java:115)
at org.testng.remote.RemoteTestNG.initAndRun(RemoteTestNG.java:293)
at org.testng.remote.RemoteTestNG.main(RemoteTestNG.java:91)
]]>
    </error>
  </testcase> <!-- getLunchUrL_testingbaba -->
  <system-out/>
  <testcase classname="testingbaba_test.Checkbox_test" name="getTitle_testingbaba" time="0.000">
    <skipped/>
  </testcase> <!-- getTitle_testingbaba -->
  <system-out/>
  <testcase classname="testingbaba_test.Checkbox_test" name="clickonclosebtn" time="0.000">
    <skipped/>
  </testcase> <!-- clickonclosebtn -->
  <system-out/>
  <testcase classname="testingbaba_test.Checkbox_test" name="clickonpracticebtn" time="0.000">
    <skipped/>
  </testcase> <!-- clickonpracticebtn -->
  <system-out/>
  <testcase classname="testingbaba_test.Checkbox_test" name="clickonelements" time="0.000">
    <skipped/>
  </testcase> <!-- clickonelements -->
  <system-out/>
  <testcase classname="testingbaba_test.Checkbox_test" name="clickoncheckboxbtn" time="0.000">
    <skipped/>
  </testcase> <!-- clickoncheckboxbtn -->
  <system-out/>
  <testcase classname="testingbaba_test.Checkbox_test" name="selectmobilebtn" time="0.000">
    <skipped/>
  </testcase> <!-- selectmobilebtn -->
  <system-out/>
  <testcase classname="testingbaba_test.Checkbox_test" name="selectlaptopbtn" time="0.000">
    <skipped/>
  </testcase> <!-- selectlaptopbtn -->
  <system-out/>
  <testcase classname="testingbaba_test.Checkbox_test" name="selectdesktopbtn" time="0.000">
    <skipped/>
  </testcase> <!-- selectdesktopbtn -->
  <system-out/>
</testsuite> <!-- testingbaba_test.Checkbox_test -->
