<?xml version="1.0" encoding="UTF-8"?>
<!-- Generated by org.testng.reporters.JUnitReportReporter -->
<testsuite hostname="Harshit_" failures="0" tests="5" name="testingbaba_test.Webtable_test" time="5.282" errors="0" timestamp="2024-10-13T11:54:01 IST" skipped="0">
  <testcase classname="testingbaba_test.Webtable_test" name="getTitle_testingbaba" time="0.019"/>
  <system-out/>
  <testcase classname="testingbaba_test.Webtable_test" name="clickonclosebtn" time="1.119"/>
  <system-out/>
  <testcase classname="testingbaba_test.Webtable_test" name="clickonpracticebtn" time="2.310"/>
  <system-out/>
  <testcase classname="testingbaba_test.Webtable_test" name="clickonElement" time="0.110"/>
  <system-out/>
  <testcase classname="testingbaba_test.Webtable_test" name="clickonWebtable" time="1.724"/>
  <system-out/>
</testsuite> <!-- testingbaba_test.Webtable_test -->
