<?xml version="1.0" encoding="UTF-8"?>
<!-- Generated by org.testng.reporters.JUnitReportReporter -->
<testsuite hostname="Harshit_" failures="0" tests="6" name="testingbaba_test.Logintest" time="5.572" errors="0" timestamp="2024-10-12T09:09:55 IST" skipped="0">
  <testcase classname="testingbaba_test.Logintest" name="getTitle_testingbaba" time="0.021"/>
  <system-out/>
  <testcase classname="testingbaba_test.Logintest" name="clickonclosebtn" time="1.111"/>
  <system-out/>
  <testcase classname="testingbaba_test.Logintest" name="clickonpracticebtn" time="3.130"/>
  <system-out/>
  <testcase classname="testingbaba_test.Logintest" name="clickonElement" time="0.109"/>
  <system-out/>
  <testcase classname="testingbaba_test.Logintest" name="clickonRatiobtn" time="1.092"/>
  <system-out/>
  <testcase classname="testingbaba_test.Logintest" name="clickonYesbtn" time="0.109"/>
  <system-out/>
</testsuite> <!-- testingbaba_test.Logintest -->
