<?xml version="1.0" encoding="UTF-8"?>
<!-- Generated by org.testng.reporters.JUnitReportReporter -->
<testsuite hostname="Harshit_" failures="0" tests="5" name="testingbaba_test.WindowHandle" time="8.701" errors="0" timestamp="2024-10-19T09:36:07 IST" skipped="0">
  <testcase classname="testingbaba_test.WindowHandle" name="getTitle_testingbaba" time="0.022"/>
  <system-out/>
  <testcase classname="testingbaba_test.WindowHandle" name="clickonclosebtn" time="1.115"/>
  <system-out/>
  <testcase classname="testingbaba_test.WindowHandle" name="clickonpracticebtn" time="2.317"/>
  <system-out/>
  <testcase classname="testingbaba_test.WindowHandle" name="clickonAlertsbtn" time="0.099"/>
  <system-out/>
  <testcase classname="testingbaba_test.WindowHandle" name="clickonAlerts" time="5.148"/>
  <system-out/>
</testsuite> <!-- testingbaba_test.WindowHandle -->
