<?xml version="1.0" encoding="UTF-8"?>
<!-- Generated by org.testng.reporters.JUnitReportReporter -->
<testsuite hostname="Harshit_" failures="0" tests="5" name="testingbaba_test.Upload_file" time="0.010" errors="1" timestamp="2024-10-22T10:48:47 IST" skipped="4">
  <testcase classname="testingbaba_test.Upload_file" name="getTitle_testingbaba" time="0.000">
    <skipped/>
  </testcase> <!-- getTitle_testingbaba -->
  <system-out/>
  <testcase classname="testingbaba_test.Upload_file" name="getLunchUrL_testingbaba" time="0.010">
    <error message="Unresolved compilation problem: 
	Unhandled exception type IOException
" type="java.lang.Error">
      <![CDATA[java.lang.Error: Unresolved compilation problem: 
Unhandled exception type IOException

at testingbaba_test.Upload_file.getLunchUrL_testingbaba(Upload_file.java:22)
at java.base/jdk.internal.reflect.NativeMethodAccessorImpl.invoke0(Native Method)
at java.base/jdk.internal.reflect.NativeMethodAccessorImpl.invoke(NativeMethodAccessorImpl.java:77)
at java.base/jdk.internal.reflect.DelegatingMethodAccessorImpl.invoke(DelegatingMethodAccessorImpl.java:43)
at java.base/java.lang.reflect.Method.invoke(Method.java:568)
at org.testng.internal.MethodInvocationHelper.invokeMethod(MethodInvocationHelper.java:133)
at org.testng.internal.MethodInvocationHelper.invokeMethodConsideringTimeout(MethodInvocationHelper.java:62)
at org.testng.internal.ConfigInvoker.invokeConfigurationMethod(ConfigInvoker.java:385)
at org.testng.internal.ConfigInvoker.invokeConfigurations(ConfigInvoker.java:321)
at org.testng.internal.TestMethodWorker.invokeBeforeClassMethods(TestMethodWorker.java:176)
at org.testng.internal.TestMethodWorker.run(TestMethodWorker.java:122)
at java.base/java.util.ArrayList.forEach(ArrayList.java:1511)
at org.testng.TestRunner.privateRun(TestRunner.java:794)
at org.testng.TestRunner.run(TestRunner.java:596)
at org.testng.SuiteRunner.runTest(SuiteRunner.java:377)
at org.testng.SuiteRunner.runSequentially(SuiteRunner.java:371)
at org.testng.SuiteRunner.privateRun(SuiteRunner.java:332)
at org.testng.SuiteRunner.run(SuiteRunner.java:276)
at org.testng.SuiteRunnerWorker.runSuite(SuiteRunnerWorker.java:53)
at org.testng.SuiteRunnerWorker.run(SuiteRunnerWorker.java:96)
at org.testng.TestNG.runSuitesSequentially(TestNG.java:1212)
at org.testng.TestNG.runSuitesLocally(TestNG.java:1134)
at org.testng.TestNG.runSuites(TestNG.java:1063)
at org.testng.TestNG.run(TestNG.java:1031)
at org.testng.remote.AbstractRemoteTestNG.run(AbstractRemoteTestNG.java:115)
at org.testng.remote.RemoteTestNG.initAndRun(RemoteTestNG.java:293)
at org.testng.remote.RemoteTestNG.main(RemoteTestNG.java:91)
]]>
    </error>
  </testcase> <!-- getLunchUrL_testingbaba -->
  <system-out/>
  <testcase classname="testingbaba_test.Upload_file" name="clickonclosebtn" time="0.000">
    <skipped/>
  </testcase> <!-- clickonclosebtn -->
  <system-out/>
  <testcase classname="testingbaba_test.Upload_file" name="clickonpracticebtn" time="0.000">
    <skipped/>
  </testcase> <!-- clickonpracticebtn -->
  <system-out/>
  <testcase classname="testingbaba_test.Upload_file" name="Uploadfile" time="0.000">
    <skipped/>
  </testcase> <!-- Uploadfile -->
  <system-out/>
</testsuite> <!-- testingbaba_test.Upload_file -->
