<?xml version="1.0" encoding="UTF-8"?>
<!-- Generated by org.testng.reporters.JUnitReportReporter -->
<testsuite hostname="Harshit_" failures="0" tests="2" name="testingbaba_test.ScreenShot_test" time="1.499" errors="0" timestamp="2024-10-22T11:06:14 IST" skipped="0">
  <testcase classname="testingbaba_test.ScreenShot_test" name="getTitle_testingbaba" time="0.026"/>
  <system-out/>
  <testcase classname="testingbaba_test.ScreenShot_test" name="clickonclosebtn" time="1.473"/>
  <system-out/>
</testsuite> <!-- testingbaba_test.ScreenShot_test -->
