<?xml version="1.0" encoding="UTF-8"?>
<!-- Generated by org.testng.reporters.JUnitReportReporter -->
<testsuite hostname="Harshit_" failures="0" tests="6" name="testingbaba_test.Practice_sendkeys" time="6.603" errors="0" timestamp="2024-09-29T11:49:40 IST" skipped="0">
  <testcase classname="testingbaba_test.Practice_sendkeys" name="getTitle_testingbaba" time="0.019"/>
  <system-out/>
  <testcase classname="testingbaba_test.Practice_sendkeys" name="clickonclosebtn" time="1.104"/>
  <system-out/>
  <testcase classname="testingbaba_test.Practice_sendkeys" name="clickonpracticebtn" time="3.289"/>
  <system-out/>
  <testcase classname="testingbaba_test.Practice_sendkeys" name="clickonelements" time="1.106"/>
  <system-out/>
  <testcase classname="testingbaba_test.Practice_sendkeys" name="clickontextbox" time="0.125"/>
  <system-out/>
  <testcase classname="testingbaba_test.Practice_sendkeys" name="entervalueFullName" time="0.960"/>
  <system-out/>
</testsuite> <!-- testingbaba_test.Practice_sendkeys -->
